#
# There is insufficient memory for the Java Runtime Environment to continue.
# Native memory allocation (malloc) failed to allocate 2179856 bytes for Chunk::new
# Possible reasons:
#   The system is out of physical RAM or swap space
#   In 32 bit mode, the process size limit was hit
# Possible solutions:
#   Reduce memory load on the system
#   Increase physical memory or swap space
#   Check if swap backing store is full
#   Use 64 bit Java on a 64 bit OS
#   Decrease Java heap size (-Xmx/-Xms)
#   Decrease number of Java threads
#   Decrease Java thread stack sizes (-Xss)
#   Set larger code cache with -XX:ReservedCodeCacheSize=
# This output file may be truncated or incomplete.
#
#  Out of Memory Error (allocation.cpp:390), pid=12612, tid=0x0000000000003244
#
# JRE version: Java(TM) SE Runtime Environment (8.0_161-b12) (build 1.8.0_161-b12)
# Java VM: Java HotSpot(TM) 64-Bit Server VM (25.161-b12 mixed mode windows-amd64 compressed oops)
# Failed to write core dump. Minidumps are not enabled by default on client versions of Windows
#

---------------  T H R E A D  ---------------

Current thread (0x000000001ec4e000):  JavaThread "C2 CompilerThread0" daemon [_thread_in_native, id=12868, stack(0x000000001f420000,0x000000001f520000)]

Stack: [0x000000001f420000,0x000000001f520000]
[error occurred during error reporting (printing stack bounds), id 0xc0000005]

Native frames: (J=compiled Java code, j=interpreted, Vv=VM code, C=native code)


Current CompileTask:
C2:  12818 5341   !   4       java.net.URLClassLoader$1::run (63 bytes)


---------------  P R O C E S S  ---------------

Java Threads: ( => current thread )
  0x0000000020c75000 JavaThread "DestroyJavaVM" [_thread_blocked, id=25404, stack(0x0000000003230000,0x0000000003330000)]
  0x0000000020c70800 JavaThread "http-nio-9099-Acceptor" daemon [_thread_in_native, id=33616, stack(0x000000002a8a0000,0x000000002a9a0000)]
  0x00000000251d4000 JavaThread "http-nio-9099-ClientPoller" daemon [_thread_in_native, id=756, stack(0x000000002a7a0000,0x000000002a8a0000)]
  0x00000000251d3800 JavaThread "http-nio-9099-exec-10" daemon [_thread_blocked, id=1776, stack(0x000000002a6a0000,0x000000002a7a0000)]
  0x00000000251cd800 JavaThread "http-nio-9099-exec-9" daemon [_thread_blocked, id=10148, stack(0x000000002a5a0000,0x000000002a6a0000)]
  0x00000000251d2800 JavaThread "http-nio-9099-exec-8" daemon [_thread_blocked, id=18300, stack(0x000000002a4a0000,0x000000002a5a0000)]
  0x00000000251cf800 JavaThread "http-nio-9099-exec-7" daemon [_thread_blocked, id=34964, stack(0x000000002a3a0000,0x000000002a4a0000)]
  0x00000000251cf000 JavaThread "http-nio-9099-exec-6" daemon [_thread_blocked, id=20668, stack(0x000000002a2a0000,0x000000002a3a0000)]
  0x00000000251d2000 JavaThread "http-nio-9099-exec-5" daemon [_thread_blocked, id=9568, stack(0x000000002a1a0000,0x000000002a2a0000)]
  0x00000000251ce000 JavaThread "http-nio-9099-exec-4" daemon [_thread_blocked, id=33028, stack(0x000000002a0a0000,0x000000002a1a0000)]
  0x00000000251d0800 JavaThread "http-nio-9099-exec-3" daemon [_thread_blocked, id=16340, stack(0x0000000029fa0000,0x000000002a0a0000)]
  0x00000000251d1000 JavaThread "http-nio-9099-exec-2" daemon [_thread_blocked, id=25044, stack(0x0000000029ea0000,0x0000000029fa0000)]
  0x000000002274c000 JavaThread "http-nio-9099-exec-1" daemon [_thread_blocked, id=35032, stack(0x0000000029da0000,0x0000000029ea0000)]
  0x0000000020e1f000 JavaThread "http-nio-9099-BlockPoller" daemon [_thread_in_native, id=28552, stack(0x0000000029ca0000,0x0000000029da0000)]
  0x00000000259f7800 JavaThread "task-2" [_thread_blocked, id=30904, stack(0x0000000029290000,0x0000000029390000)]
  0x000000002534f800 JavaThread "HikariPool-1 housekeeper" daemon [_thread_blocked, id=23096, stack(0x0000000027dc0000,0x0000000027ec0000)]
  0x0000000023b06800 JavaThread "PostgreSQL-JDBC-SharedTimer-1" daemon [_thread_blocked, id=28080, stack(0x0000000027cc0000,0x0000000027dc0000)]
  0x0000000022a63800 JavaThread "container-0" [_thread_blocked, id=3856, stack(0x00000000279c0000,0x0000000027ac0000)]
  0x0000000026200000 JavaThread "Catalina-utility-2" [_thread_blocked, id=21892, stack(0x00000000278c0000,0x00000000279c0000)]
  0x0000000022609000 JavaThread "Catalina-utility-1" [_thread_blocked, id=35400, stack(0x0000000023140000,0x0000000023240000)]
  0x000000002698d800 JavaThread "task-1" [_thread_blocked, id=18832, stack(0x0000000021e70000,0x0000000021f70000)]
  0x000000001ecf9000 JavaThread "Service Thread" daemon [_thread_blocked, id=27780, stack(0x000000001f820000,0x000000001f920000)]
  0x000000001ec60000 JavaThread "C1 CompilerThread3" daemon [_thread_blocked, id=19736, stack(0x000000001f720000,0x000000001f820000)]
  0x000000001ec5c000 JavaThread "C2 CompilerThread2" daemon [_thread_in_native, id=9552, stack(0x000000001f620000,0x000000001f720000)]
  0x000000001ec58000 JavaThread "C2 CompilerThread1" daemon [_thread_in_native, id=20936, stack(0x000000001f520000,0x000000001f620000)]
=>0x000000001ec4e000 JavaThread "C2 CompilerThread0" daemon [_thread_in_native, id=12868, stack(0x000000001f420000,0x000000001f520000)]
  0x000000001ec4c800 JavaThread "Attach Listener" daemon [_thread_blocked, id=35652, stack(0x000000001f320000,0x000000001f420000)]
  0x000000001ec56800 JavaThread "Signal Dispatcher" daemon [_thread_blocked, id=32976, stack(0x000000001f220000,0x000000001f320000)]
  0x000000000342e000 JavaThread "Finalizer" daemon [_thread_blocked, id=15496, stack(0x000000001f020000,0x000000001f120000)]
  0x000000000342d000 JavaThread "Reference Handler" daemon [_thread_blocked, id=21228, stack(0x000000001eb20000,0x000000001ec20000)]

Other Threads:
  0x000000001cd28000 VMThread [stack: 0x000000001ea20000,0x000000001eb20000] [id=29636]
  0x000000001ed2b000 WatcherThread [stack: 0x000000001f920000,0x000000001fa20000] [id=17564]

VM state:not at safepoint (normal execution)

VM Mutex/Monitor currently owned by a thread: None

Heap:
 PSYoungGen      total 406528K, used 102787K [0x000000076bf00000, 0x0000000787c80000, 0x00000007c0000000)
  eden space 381952K, 26% used [0x000000076bf00000,0x0000000772360d50,0x0000000783400000)
  from space 24576K, 0% used [0x0000000783400000,0x0000000783400000,0x0000000784c00000)
  to   space 15360K, 0% used [0x0000000784c00000,0x0000000784c00000,0x0000000785b00000)
 ParOldGen       total 161792K, used 21710K [0x00000006c3c00000, 0x00000006cda00000, 0x000000076bf00000)
  object space 161792K, 13% used [0x00000006c3c00000,0x00000006c51339f8,0x00000006cda00000)
 Metaspace       used 64581K, capacity 68336K, committed 68432K, reserved 1107968K
  class space    used 8923K, capacity 9551K, committed 9552K, reserved 1048576K

Card table byte_map: [0x00000000127f0000,0x0000000012fe0000] byte_map_base: 0x000000000f1d2000

Marking Bits: (ParMarkBitMap*) 0x00000000755ff860
 Begin Bits: [0x0000000013d30000, 0x0000000017c40000)
 End Bits:   [0x0000000017c40000, 0x000000001bb50000)

Polling page: 0x0000000001320000

CodeCache: size=245760Kb used=16451Kb max_used=17478Kb free=229308Kb
 bounds [0x0000000003430000, 0x0000000004570000, 0x0000000012430000]
 total_blobs=5148 nmethods=4564 adapters=495
 compilation: enabled

Compilation events (10 events):
Event: 12.618 Thread 0x000000001ec60000 5350       3       java.nio.HeapByteBuffer::put (16 bytes)
Event: 12.619 Thread 0x000000001ec60000 nmethod 5350 0x000000000353df50 code [0x000000000353e0e0, 0x000000000353e4a8]
Event: 12.619 Thread 0x000000001ec60000 5351       3       java.nio.Buffer::nextPutIndex (31 bytes)
Event: 12.619 Thread 0x000000001ec60000 nmethod 5351 0x0000000003652d50 code [0x0000000003652ec0, 0x0000000003653128]
Event: 12.619 Thread 0x000000001ec60000 5353       3       org.apache.tomcat.util.buf.AbstractChunk::getLength (10 bytes)
Event: 12.619 Thread 0x000000001ec60000 nmethod 5353 0x0000000003794590 code [0x00000000037946e0, 0x0000000003794830]
Event: 12.619 Thread 0x000000001ec60000 5352       3       org.apache.tomcat.util.buf.MessageBytes::toString (88 bytes)
Event: 12.619 Thread 0x000000001ec60000 nmethod 5352 0x0000000003d49010 code [0x0000000003d491c0, 0x0000000003d49a58]
Event: 12.627 Thread 0x000000001ec4e000 nmethod 5252 0x0000000003c8a590 code [0x0000000003c8b7a0, 0x0000000003c90e70]
Event: 12.627 Thread 0x000000001ec4e000 5341   !   4       java.net.URLClassLoader$1::run (63 bytes)

GC Heap History (10 events):
Event: 2.568 GC heap before
{Heap before GC invocations=6 (full 1):
 PSYoungGen      total 236544K, used 177228K [0x000000076bf00000, 0x000000077cf00000, 0x00000007c0000000)
  eden space 228864K, 74% used [0x000000076bf00000,0x00000007764cf118,0x0000000779e80000)
  from space 7680K, 96% used [0x000000077c780000,0x000000077cec4230,0x000000077cf00000)
  to   space 10752K, 0% used [0x000000077ba00000,0x000000077ba00000,0x000000077c480000)
 ParOldGen       total 83456K, used 4848K [0x00000006c3c00000, 0x00000006c8d80000, 0x000000076bf00000)
  object space 83456K, 5% used [0x00000006c3c00000,0x00000006c40bc010,0x00000006c8d80000)
 Metaspace       used 34143K, capacity 35948K, committed 36048K, reserved 1081344K
  class space    used 4440K, capacity 4765K, committed 4816K, reserved 1048576K
Event: 2.579 GC heap after
Heap after GC invocations=6 (full 1):
 PSYoungGen      total 267776K, used 10740K [0x000000076bf00000, 0x0000000785b00000, 0x00000007c0000000)
  eden space 257024K, 0% used [0x000000076bf00000,0x000000076bf00000,0x000000077ba00000)
  from space 10752K, 99% used [0x000000077ba00000,0x000000077c47d020,0x000000077c480000)
  to   space 15360K, 0% used [0x0000000784c00000,0x0000000784c00000,0x0000000785b00000)
 ParOldGen       total 83456K, used 10310K [0x00000006c3c00000, 0x00000006c8d80000, 0x000000076bf00000)
  object space 83456K, 12% used [0x00000006c3c00000,0x00000006c4611a20,0x00000006c8d80000)
 Metaspace       used 34143K, capacity 35948K, committed 36048K, reserved 1081344K
  class space    used 4440K, capacity 4765K, committed 4816K, reserved 1048576K
}
Event: 2.579 GC heap before
{Heap before GC invocations=7 (full 2):
 PSYoungGen      total 267776K, used 10740K [0x000000076bf00000, 0x0000000785b00000, 0x00000007c0000000)
  eden space 257024K, 0% used [0x000000076bf00000,0x000000076bf00000,0x000000077ba00000)
  from space 10752K, 99% used [0x000000077ba00000,0x000000077c47d020,0x000000077c480000)
  to   space 15360K, 0% used [0x0000000784c00000,0x0000000784c00000,0x0000000785b00000)
 ParOldGen       total 83456K, used 10310K [0x00000006c3c00000, 0x00000006c8d80000, 0x000000076bf00000)
  object space 83456K, 12% used [0x00000006c3c00000,0x00000006c4611a20,0x00000006c8d80000)
 Metaspace       used 34143K, capacity 35948K, committed 36048K, reserved 1081344K
  class space    used 4440K, capacity 4765K, committed 4816K, reserved 1048576K
Event: 2.639 GC heap after
Heap after GC invocations=7 (full 2):
 PSYoungGen      total 267776K, used 0K [0x000000076bf00000, 0x0000000785b00000, 0x00000007c0000000)
  eden space 257024K, 0% used [0x000000076bf00000,0x000000076bf00000,0x000000077ba00000)
  from space 10752K, 0% used [0x000000077ba00000,0x000000077ba00000,0x000000077c480000)
  to   space 15360K, 0% used [0x0000000784c00000,0x0000000784c00000,0x0000000785b00000)
 ParOldGen       total 131584K, used 19898K [0x00000006c3c00000, 0x00000006cbc80000, 0x000000076bf00000)
  object space 131584K, 15% used [0x00000006c3c00000,0x00000006c4f6e880,0x00000006cbc80000)
 Metaspace       used 34143K, capacity 35948K, committed 36048K, reserved 1081344K
  class space    used 4440K, capacity 4765K, committed 4816K, reserved 1048576K
}
Event: 4.647 GC heap before
{Heap before GC invocations=8 (full 2):
 PSYoungGen      total 267776K, used 257024K [0x000000076bf00000, 0x0000000785b00000, 0x00000007c0000000)
  eden space 257024K, 100% used [0x000000076bf00000,0x000000077ba00000,0x000000077ba00000)
  from space 10752K, 0% used [0x000000077ba00000,0x000000077ba00000,0x000000077c480000)
  to   space 15360K, 0% used [0x0000000784c00000,0x0000000784c00000,0x0000000785b00000)
 ParOldGen       total 131584K, used 19898K [0x00000006c3c00000, 0x00000006cbc80000, 0x000000076bf00000)
  object space 131584K, 15% used [0x00000006c3c00000,0x00000006c4f6e880,0x00000006cbc80000)
 Metaspace       used 56561K, capacity 59346K, committed 59600K, reserved 1099776K
  class space    used 7842K, capacity 8318K, committed 8400K, reserved 1048576K
Event: 4.672 GC heap after
Heap after GC invocations=8 (full 2):
 PSYoungGen      total 397312K, used 15343K [0x000000076bf00000, 0x0000000787c80000, 0x00000007c0000000)
  eden space 381952K, 0% used [0x000000076bf00000,0x000000076bf00000,0x0000000783400000)
  from space 15360K, 99% used [0x0000000784c00000,0x0000000785afbe18,0x0000000785b00000)
  to   space 24576K, 0% used [0x0000000783400000,0x0000000783400000,0x0000000784c00000)
 ParOldGen       total 131584K, used 31656K [0x00000006c3c00000, 0x00000006cbc80000, 0x000000076bf00000)
  object space 131584K, 24% used [0x00000006c3c00000,0x00000006c5aea2d0,0x00000006cbc80000)
 Metaspace       used 56561K, capacity 59346K, committed 59600K, reserved 1099776K
  class space    used 7842K, capacity 8318K, committed 8400K, reserved 1048576K
}
Event: 4.725 GC heap before
{Heap before GC invocations=9 (full 2):
 PSYoungGen      total 397312K, used 36124K [0x000000076bf00000, 0x0000000787c80000, 0x00000007c0000000)
  eden space 381952K, 5% used [0x000000076bf00000,0x000000076d34b278,0x0000000783400000)
  from space 15360K, 99% used [0x0000000784c00000,0x0000000785afbe18,0x0000000785b00000)
  to   space 24576K, 0% used [0x0000000783400000,0x0000000783400000,0x0000000784c00000)
 ParOldGen       total 131584K, used 31656K [0x00000006c3c00000, 0x00000006cbc80000, 0x000000076bf00000)
  object space 131584K, 24% used [0x00000006c3c00000,0x00000006c5aea2d0,0x00000006cbc80000)
 Metaspace       used 57214K, capacity 60028K, committed 60080K, reserved 1101824K
  class space    used 7908K, capacity 8393K, committed 8400K, reserved 1048576K
Event: 4.734 GC heap after
Heap after GC invocations=9 (full 2):
 PSYoungGen      total 406528K, used 10137K [0x000000076bf00000, 0x0000000787c80000, 0x00000007c0000000)
  eden space 381952K, 0% used [0x000000076bf00000,0x000000076bf00000,0x0000000783400000)
  from space 24576K, 41% used [0x0000000783400000,0x0000000783de6490,0x0000000784c00000)
  to   space 15360K, 0% used [0x0000000784c00000,0x0000000784c00000,0x0000000785b00000)
 ParOldGen       total 131584K, used 31656K [0x00000006c3c00000, 0x00000006cbc80000, 0x000000076bf00000)
  object space 131584K, 24% used [0x00000006c3c00000,0x00000006c5aea2d0,0x00000006cbc80000)
 Metaspace       used 57214K, capacity 60028K, committed 60080K, reserved 1101824K
  class space    used 7908K, capacity 8393K, committed 8400K, reserved 1048576K
}
Event: 4.734 GC heap before
{Heap before GC invocations=10 (full 3):
 PSYoungGen      total 406528K, used 10137K [0x000000076bf00000, 0x0000000787c80000, 0x00000007c0000000)
  eden space 381952K, 0% used [0x000000076bf00000,0x000000076bf00000,0x0000000783400000)
  from space 24576K, 41% used [0x0000000783400000,0x0000000783de6490,0x0000000784c00000)
  to   space 15360K, 0% used [0x0000000784c00000,0x0000000784c00000,0x0000000785b00000)
 ParOldGen       total 131584K, used 31656K [0x00000006c3c00000, 0x00000006cbc80000, 0x000000076bf00000)
  object space 131584K, 24% used [0x00000006c3c00000,0x00000006c5aea2d0,0x00000006cbc80000)
 Metaspace       used 57214K, capacity 60028K, committed 60080K, reserved 1101824K
  class space    used 7908K, capacity 8393K, committed 8400K, reserved 1048576K
Event: 4.849 GC heap after
Heap after GC invocations=10 (full 3):
 PSYoungGen      total 406528K, used 0K [0x000000076bf00000, 0x0000000787c80000, 0x00000007c0000000)
  eden space 381952K, 0% used [0x000000076bf00000,0x000000076bf00000,0x0000000783400000)
  from space 24576K, 0% used [0x0000000783400000,0x0000000783400000,0x0000000784c00000)
  to   space 15360K, 0% used [0x0000000784c00000,0x0000000784c00000,0x0000000785b00000)
 ParOldGen       total 161792K, used 21710K [0x00000006c3c00000, 0x00000006cda00000, 0x000000076bf00000)
  object space 161792K, 13% used [0x00000006c3c00000,0x00000006c51339f8,0x00000006cda00000)
 Metaspace       used 57214K, capacity 60028K, committed 60080K, reserved 1101824K
  class space    used 7908K, capacity 8393K, committed 8400K, reserved 1048576K
}

Deoptimization events (10 events):
Event: 5.043 Thread 0x0000000003335800 Uncommon trap: reason=unstable_if action=reinterpret pc=0x00000000042810f0 method=java.util.regex.Pattern$BmpCharProperty.match(Ljava/util/regex/Matcher;ILjava/lang/CharSequence;)Z @ 34
Event: 5.054 Thread 0x0000000003335800 Uncommon trap: reason=unstable_if action=reinterpret pc=0x0000000003ea6f54 method=java.util.regex.Matcher.match(II)Z @ 30
Event: 5.066 Thread 0x0000000003335800 Uncommon trap: reason=unstable_if action=reinterpret pc=0x0000000003fb84f8 method=java.util.StringTokenizer.scanToken(I)I @ 96
Event: 5.098 Thread 0x0000000003335800 Uncommon trap: reason=unstable_if action=reinterpret pc=0x000000000355aec0 method=java.lang.CharacterData.of(I)Ljava/lang/CharacterData; @ 4
Event: 5.216 Thread 0x0000000003335800 Uncommon trap: reason=unstable_if action=reinterpret pc=0x0000000004167c2c method=org.springframework.core.annotation.TypeMappedAnnotations$MergedAnnotationFinder.doWithAnnotations(Ljava/lang/Object;ILjava/lang/Object;[Ljava/lang/annotation/Annotation;)Lo
Event: 5.234 Thread 0x0000000003335800 Uncommon trap: reason=unstable_if action=reinterpret pc=0x000000000419f820 method=org.springframework.core.annotation.TypeMappedAnnotations$MergedAnnotationFinder.doWithAnnotations(Ljava/lang/Object;ILjava/lang/Object;[Ljava/lang/annotation/Annotation;)Lo
Event: 12.351 Thread 0x000000002274c000 Uncommon trap: reason=bimorphic action=maybe_recompile pc=0x0000000004027c84 method=org.springframework.core.annotation.AnnotationsScanner.processMethodInheritedAnnotations(Ljava/lang/Object;Ljava/lang/reflect/Method;Lorg/springframework/core/annotation/A
Event: 12.351 Thread 0x000000002274c000 Uncommon trap: reason=bimorphic action=maybe_recompile pc=0x0000000003c475c4 method=org.springframework.core.annotation.AnnotationsScanner.processMethodAnnotations(Ljava/lang/Object;ILjava/lang/reflect/Method;Lorg/springframework/core/annotation/Annotatio
Event: 12.377 Thread 0x000000002274c000 Uncommon trap: reason=unstable_if action=reinterpret pc=0x0000000003fbbb9c method=java.nio.Buffer.<init>(IIII)V @ 66
Event: 12.573 Thread 0x000000002274c000 Uncommon trap: reason=class_check action=maybe_recompile pc=0x00000000042d484c method=java.lang.Throwable.<init>(Ljava/lang/String;Ljava/lang/Throwable;)V @ 24

Classes redefined (0 events):
No events

Internal exceptions (10 events):
Event: 5.262 Thread 0x0000000003335800 Exception <a 'java/lang/reflect/InvocationTargetException'> (0x000000076f8681d0) thrown at [C:\re\workspace\8-2-build-windows-amd64-cygwin\jdk8u161\10277\hotspot\src\share\vm\runtime\reflection.cpp, line 1092]
Event: 5.287 Thread 0x0000000003335800 Exception <a 'java/lang/reflect/InvocationTargetException'> (0x000000076fd30f40) thrown at [C:\re\workspace\8-2-build-windows-amd64-cygwin\jdk8u161\10277\hotspot\src\share\vm\runtime\reflection.cpp, line 1092]
Event: 12.502 Thread 0x000000002274c000 Exception <a 'java/lang/ClassNotFoundException': java/lang/ObjectCustomizer> (0x0000000771a3da68) thrown at [C:\re\workspace\8-2-build-windows-amd64-cygwin\jdk8u161\10277\hotspot\src\share\vm\classfile\systemDictionary.cpp, line 210]
Event: 12.503 Thread 0x000000002274c000 Exception <a 'java/lang/ClassNotFoundException': com/techouts/ppe/muser/model/audit/DateAuditCustomizer> (0x0000000771a5c0c0) thrown at [C:\re\workspace\8-2-build-windows-amd64-cygwin\jdk8u161\10277\hotspot\src\share\vm\classfile\systemDictionary.cpp, lin
Event: 12.504 Thread 0x000000002274c000 Exception <a 'java/lang/ClassNotFoundException': com/techouts/ppe/muser/model/UserCustomizer> (0x0000000771a79438) thrown at [C:\re\workspace\8-2-build-windows-amd64-cygwin\jdk8u161\10277\hotspot\src\share\vm\classfile\systemDictionary.cpp, line 210]
Event: 12.519 Thread 0x000000002274c000 Exception <a 'java/lang/NoSuchMethodError': java.lang.Object.lambda$comparingInt$7b0bb60$1(Ljava/util/function/ToIntFunction;Ljava/lang/Object;Ljava/lang/Object;)I> (0x0000000771b56e48) thrown at [C:\re\workspace\8-2-build-windows-amd64-cygwin\jdk8u161\10
Event: 12.571 Thread 0x000000002274c000 Exception <a 'java/lang/ClassNotFoundException': java/lang/ObjectCustomizer> (0x0000000771f79218) thrown at [C:\re\workspace\8-2-build-windows-amd64-cygwin\jdk8u161\10277\hotspot\src\share\vm\classfile\systemDictionary.cpp, line 210]
Event: 12.572 Thread 0x000000002274c000 Exception <a 'java/lang/ClassNotFoundException': com/techouts/ppe/muser/model/ConfirmationTokenCustomizer> (0x0000000771f98188) thrown at [C:\re\workspace\8-2-build-windows-amd64-cygwin\jdk8u161\10277\hotspot\src\share\vm\classfile\systemDictionary.cpp, l
Event: 12.585 Thread 0x000000002274c000 Exception <a 'java/lang/reflect/InvocationTargetException'> (0x0000000772040b58) thrown at [C:\re\workspace\8-2-build-windows-amd64-cygwin\jdk8u161\10277\hotspot\src\share\vm\runtime\reflection.cpp, line 1092]
Event: 12.588 Thread 0x000000002274c000 Exception <a 'java/lang/NoSuchMethodError': java.lang.Object.lambda$builder$1(Ljava/lang/String;)Lio/micrometer/core/instrument/Timer$Builder;> (0x0000000772071c20) thrown at [C:\re\workspace\8-2-build-windows-amd64-cygwin\jdk8u161\10277\hotspot\src\share

Events (10 events):
Event: 12.622 loading class org/springframework/web/context/request/WebRequest
Event: 12.622 loading class org/springframework/web/context/request/WebRequest done
Event: 12.622 loading class org/springframework/web/method/annotation/SessionAttributesHandler
Event: 12.622 loading class org/springframework/web/method/annotation/SessionAttributesHandler done
Event: 12.624 Executing VM operation: RevokeBias
Event: 12.624 Executing VM operation: RevokeBias done
Event: 12.624 Executing VM operation: RevokeBias
Event: 12.624 Executing VM operation: RevokeBias done
Event: 12.624 Executing VM operation: RevokeBias
Event: 12.624 Executing VM operation: RevokeBias done


Dynamic libraries:
0x00007ff61bbf0000 - 0x00007ff61bc27000 	C:\Program Files\Java\jdk1.8.0_161\bin\javaw.exe
0x00007ffe41d50000 - 0x00007ffe41f44000 	C:\Windows\SYSTEM32\ntdll.dll
0x00007ffe40c80000 - 0x00007ffe40d3d000 	C:\Windows\System32\KERNEL32.DLL
0x00007ffe3f880000 - 0x00007ffe3fb47000 	C:\Windows\System32\KERNELBASE.dll
0x00007ffe41b80000 - 0x00007ffe41c2a000 	C:\Windows\System32\ADVAPI32.dll
0x00007ffe41920000 - 0x00007ffe419be000 	C:\Windows\System32\msvcrt.dll
0x00007ffe3fdc0000 - 0x00007ffe3fe5b000 	C:\Windows\System32\sechost.dll
0x00007ffe419c0000 - 0x00007ffe41ae3000 	C:\Windows\System32\RPCRT4.dll
0x00007ffe414b0000 - 0x00007ffe41650000 	C:\Windows\System32\USER32.dll
0x00007ffe3fc60000 - 0x00007ffe3fc82000 	C:\Windows\System32\win32u.dll
0x00007ffe41480000 - 0x00007ffe414aa000 	C:\Windows\System32\GDI32.dll
0x00007ffe3fb50000 - 0x00007ffe3fc59000 	C:\Windows\System32\gdi32full.dll
0x00007ffe3f4a0000 - 0x00007ffe3f53d000 	C:\Windows\System32\msvcp_win.dll
0x00007ffe3fc90000 - 0x00007ffe3fd90000 	C:\Windows\System32\ucrtbase.dll
0x00007ffe1fd60000 - 0x00007ffe1fffa000 	C:\Windows\WinSxS\amd64_microsoft.windows.common-controls_6595b64144ccf1df_6.0.19041.1_none_b555e41d4684ddec\COMCTL32.dll
0x00007ffe402b0000 - 0x00007ffe402e0000 	C:\Windows\System32\IMM32.DLL
0x0000000075fc0000 - 0x0000000076092000 	C:\Program Files\Java\jdk1.8.0_161\jre\bin\msvcr100.dll
0x0000000074de0000 - 0x000000007567f000 	C:\Program Files\Java\jdk1.8.0_161\jre\bin\server\jvm.dll
0x00007ffe417b0000 - 0x00007ffe417b8000 	C:\Windows\System32\PSAPI.DLL
0x00007ffe2d230000 - 0x00007ffe2d239000 	C:\Windows\SYSTEM32\WSOCK32.dll
0x00007ffe31b30000 - 0x00007ffe31b3a000 	C:\Windows\SYSTEM32\VERSION.dll
0x00007ffe1fc50000 - 0x00007ffe1fc77000 	C:\Windows\SYSTEM32\WINMM.dll
0x00007ffe40a60000 - 0x00007ffe40acb000 	C:\Windows\System32\WS2_32.dll
0x0000000075fb0000 - 0x0000000075fbf000 	C:\Program Files\Java\jdk1.8.0_161\jre\bin\verify.dll
0x0000000075f80000 - 0x0000000075fa9000 	C:\Program Files\Java\jdk1.8.0_161\jre\bin\java.dll
0x0000000075f60000 - 0x0000000075f76000 	C:\Program Files\Java\jdk1.8.0_161\jre\bin\zip.dll
0x00007ffe40d40000 - 0x00007ffe41471000 	C:\Windows\System32\SHELL32.dll
0x00007ffe3a570000 - 0x00007ffe3acfa000 	C:\Windows\SYSTEM32\windows.storage.dll
0x00007ffe3ff30000 - 0x00007ffe40284000 	C:\Windows\System32\combase.dll
0x00007ffe3ed80000 - 0x00007ffe3edab000 	C:\Windows\SYSTEM32\Wldp.dll
0x00007ffe41700000 - 0x00007ffe417ae000 	C:\Windows\System32\SHCORE.dll
0x00007ffe408e0000 - 0x00007ffe40935000 	C:\Windows\System32\shlwapi.dll
0x00007ffe3f3e0000 - 0x00007ffe3f3ff000 	C:\Windows\SYSTEM32\profapi.dll
0x0000000075f50000 - 0x0000000075f5d000 	C:\Program Files\Java\jdk1.8.0_161\jre\bin\management.dll
0x0000000075f30000 - 0x0000000075f4a000 	C:\Program Files\Java\jdk1.8.0_161\jre\bin\net.dll
0x00007ffe3eb70000 - 0x00007ffe3ebda000 	C:\Windows\system32\mswsock.dll
0x00007ffe13770000 - 0x00007ffe13787000 	C:\Windows\system32\napinsp.dll
0x00007ffe137f0000 - 0x00007ffe1380b000 	C:\Windows\system32\pnrpnsp.dll
0x00007ffe37540000 - 0x00007ffe37555000 	C:\Windows\system32\wshbth.dll
0x00007ffe38630000 - 0x00007ffe3864d000 	C:\Windows\system32\NLAapi.dll
0x00007ffe3e880000 - 0x00007ffe3e8bb000 	C:\Windows\SYSTEM32\IPHLPAPI.DLL
0x00007ffe3e8c0000 - 0x00007ffe3e98a000 	C:\Windows\SYSTEM32\DNSAPI.dll
0x00007ffe41af0000 - 0x00007ffe41af9000 	C:\Windows\System32\NSI.dll
0x00007ffe13dc0000 - 0x00007ffe13dd2000 	C:\Windows\System32\winrnr.dll
0x00007ffe34ba0000 - 0x00007ffe34baa000 	C:\Windows\System32\rasadhlp.dll
0x00007ffe36ac0000 - 0x00007ffe36b3f000 	C:\Windows\System32\fwpuclnt.dll
0x00007ffe3fd90000 - 0x00007ffe3fdb7000 	C:\Windows\System32\bcrypt.dll
0x0000000075f10000 - 0x0000000075f21000 	C:\Program Files\Java\jdk1.8.0_161\jre\bin\nio.dll
0x00007ffe3edc0000 - 0x00007ffe3edd8000 	C:\Windows\SYSTEM32\CRYPTSP.dll
0x00007ffe3e520000 - 0x00007ffe3e554000 	C:\Windows\system32\rsaenh.dll
0x00007ffe3f360000 - 0x00007ffe3f38e000 	C:\Windows\SYSTEM32\USERENV.dll
0x00007ffe3f540000 - 0x00007ffe3f5bf000 	C:\Windows\System32\bcryptprimitives.dll
0x00007ffe3ecf0000 - 0x00007ffe3ecfc000 	C:\Windows\SYSTEM32\CRYPTBASE.dll
0x00007ffe36aa0000 - 0x00007ffe36ab7000 	C:\Windows\SYSTEM32\dhcpcsvc6.DLL
0x00007ffe36a80000 - 0x00007ffe36a9d000 	C:\Windows\SYSTEM32\dhcpcsvc.DLL

VM Arguments:
jvm_args: -Dfile.encoding=UTF-8 
java_command: com.techouts.ppe.muser.UserManagementApplication
java_class_path (initial): D:\TestingProject-18-01-2021\Dob-Server-GIt\Test_registration\user_management_service\target\classes;C:\Users\d1\.m2\repository\org\springframework\boot\spring-boot-starter\2.3.5.RELEASE\spring-boot-starter-2.3.5.RELEASE.jar;C:\Users\d1\.m2\repository\org\springframework\boot\spring-boot\2.3.5.RELEASE\spring-boot-2.3.5.RELEASE.jar;C:\Users\d1\.m2\repository\org\springframework\spring-context\5.2.10.RELEASE\spring-context-5.2.10.RELEASE.jar;C:\Users\d1\.m2\repository\org\springframework\boot\spring-boot-autoconfigure\2.3.5.RELEASE\spring-boot-autoconfigure-2.3.5.RELEASE.jar;C:\Users\d1\.m2\repository\jakarta\annotation\jakarta.annotation-api\1.3.5\jakarta.annotation-api-1.3.5.jar;C:\Users\d1\.m2\repository\org\springframework\spring-core\5.2.10.RELEASE\spring-core-5.2.10.RELEASE.jar;C:\Users\d1\.m2\repository\org\springframework\spring-jcl\5.2.10.RELEASE\spring-jcl-5.2.10.RELEASE.jar;C:\Users\d1\.m2\repository\org\yaml\snakeyaml\1.26\snakeyaml-1.26.jar;C:\Users\d1\.m2\repository\org\springframework\boot\spring-boot-starter-data-jpa\2.3.5.RELEASE\spring-boot-starter-data-jpa-2.3.5.RELEASE.jar;C:\Users\d1\.m2\repository\org\springframework\boot\spring-boot-starter-aop\2.3.5.RELEASE\spring-boot-starter-aop-2.3.5.RELEASE.jar;C:\Users\d1\.m2\repository\org\aspectj\aspectjweaver\1.9.6\aspectjweaver-1.9.6.jar;C:\Users\d1\.m2\repository\org\springframework\boot\spring-boot-starter-jdbc\2.3.5.RELEASE\spring-boot-starter-jdbc-2.3.5.RELEASE.jar;C:\Users\d1\.m2\repository\com\zaxxer\HikariCP\3.4.5\HikariCP-3.4.5.jar;C:\Users\d1\.m2\repository\org\springframework\spring-jdbc\5.2.10.RELEASE\spring-jdbc-5.2.10.RELEASE.jar;C:\Users\d1\.m2\repository\jakarta\transaction\jakarta.transaction-api\1.3.3\jakarta.transaction-api-1.3.3.jar;C:\Users\d1\.m2\repository\jakarta\persistence\jakarta.persistence-api\2.2.3\jakarta.persistence-api-2.2.3.jar;C:\Users\d1\.m2\repository\org\hibernate\hibernate-core\5.4.22.Final\hibernate-core-5.4.22.Final.jar;C:\Users\d1\.m
Launcher Type: SUN_STANDARD

Environment Variables:
JAVA_HOME=C:\Program Files\Java\jdk1.8.0_161
PATH=C:/Program Files/Java/jre1.8.0_161/bin/server;C:/Program Files/Java/jre1.8.0_161/bin;C:/Program Files/Java/jre1.8.0_161/lib/amd64;C:\ProgramData\Oracle\Java\javapath;C:\Windows\system32;C:\Windows;C:\Windows\System32\Wbem;C:\Windows\System32\WindowsPowerShell\v1.0\;C:\Windows\System32\OpenSSH\;C:\Program Files\Java\jdk1.8.0_161\bin;C:\Program Files\PuTTY\;C:\Program Files (x86)\Bitvise SSH Client;D:\apache-maven-3.6.3\bin;C:\Users\d1\AppData\Local\Microsoft\WindowsApps;C:\Users\d1\AppData\Local\Programs\Git\cmd;D:\Software-Download\eclipse-sts\sts-bundle\sts-3.9.12.RELEASE;
USERNAME=D1
OS=Windows_NT
PROCESSOR_IDENTIFIER=Intel64 Family 6 Model 142 Stepping 12, GenuineIntel



---------------  S Y S T E M  ---------------

OS: Windows 10.0 , 64 bit Build 19041 (10.0.19041.207)

CPU:total 8 (initial active 8) (4 cores per cpu, 2 threads per core) family 6 model 142 stepping 12, cmov, cx8, fxsr, mmx, sse, sse2, sse3, ssse3, sse4.1, sse4.2, popcnt, avx, avx2, aes, clmul, erms, 3dnowpref, lzcnt, ht, tsc, tscinvbit, bmi1, bmi2, adx

Memory: 4k page, physical 16528072k(856140k free), swap 34334788k(7640k free)

vm_info: Java HotSpot(TM) 64-Bit Server VM (25.161-b12) for windows-amd64 JRE (1.8.0_161-b12), built on Dec 19 2017 17:52:25 by "java_re" with MS VC++ 10.0 (VS2010)

time: Fri Jan 29 16:02:46 2021
elapsed time: 12 seconds (0d 0h 0m 12s)

