2021-01-29 12:41:21.052  INFO 28604 --- [main] c.t.p.m.UserManagementApplication        : Starting UserManagementApplication on TO-67VJ203-L with PID 28604 (D:\TestingProject-18-01-2021\Dob-Server-GIt\Test_registration\user_management_service\target\classes started by D1 in D:\TestingProject-18-01-2021\Dob-Server-GIt\Test_registration\user_management_service)
2021-01-29 12:41:21.059  INFO 28604 --- [main] c.t.p.m.UserManagementApplication        : No active profile set, falling back to default profiles: default
2021-01-29 12:41:21.849  INFO 28604 --- [main] .s.d.r.c.RepositoryConfigurationDelegate : Bootstrapping Spring Data JPA repositories in DEFERRED mode.
2021-01-29 12:41:21.905  INFO 28604 --- [main] .s.d.r.c.RepositoryConfigurationDelegate : Finished Spring Data repository scanning in 50ms. Found 2 JPA repository interfaces.
2021-01-29 12:41:22.201  INFO 28604 --- [main] trationDelegate$BeanPostProcessorChecker : Bean 'org.springframework.security.access.expression.method.DefaultMethodSecurityExpressionHandler@2776015d' of type [org.springframework.security.access.expression.method.DefaultMethodSecurityExpressionHandler] is not eligible for getting processed by all BeanPostProcessors (for example: not eligible for auto-proxying)
2021-01-29 12:41:22.212  INFO 28604 --- [main] trationDelegate$BeanPostProcessorChecker : Bean 'methodSecurityMetadataSource' of type [org.springframework.security.access.method.DelegatingMethodSecurityMetadataSource] is not eligible for getting processed by all BeanPostProcessors (for example: not eligible for auto-proxying)
2021-01-29 12:41:22.692  INFO 28604 --- [main] o.s.b.w.e.t.TomcatWebServer              : Tomcat initialized with port(s): 9099 (http)
2021-01-29 12:41:22.825  INFO 28604 --- [main] w.s.c.ServletWebServerApplicationContext : Root WebApplicationContext: initialization completed in 1706 ms
2021-01-29 12:41:23.010  WARN 28604 --- [main] JpaBaseConfiguration$JpaWebConfiguration : spring.jpa.open-in-view is enabled by default. Therefore, database queries may be performed during view rendering. Explicitly configure spring.jpa.open-in-view to disable this warning
2021-01-29 12:41:23.116  INFO 28604 --- [main] o.s.s.c.ThreadPoolTaskExecutor           : Initializing ExecutorService 'applicationTaskExecutor'
2021-01-29 12:41:23.165  INFO 28604 --- [task-1] o.h.j.i.u.LogHelper                      : HHH000204: Processing PersistenceUnitInfo [name: default]
2021-01-29 12:41:23.211  INFO 28604 --- [task-1] o.h.Version                              : HHH000412: Hibernate ORM core version 5.4.22.Final
2021-01-29 12:41:23.360  INFO 28604 --- [task-1] o.h.a.c.Version                          : HCANN000001: Hibernate Commons Annotations {5.1.0.Final}
2021-01-29 12:41:23.447  INFO 28604 --- [task-1] c.z.h.HikariDataSource                   : HikariPool-1 - Starting...
2021-01-29 12:41:26.063  INFO 28604 --- [task-1] c.z.h.HikariDataSource                   : HikariPool-1 - Start completed.
2021-01-29 12:41:26.078  INFO 28604 --- [task-1] o.h.d.Dialect                            : HHH000400: Using dialect: org.hibernate.dialect.PostgreSQLDialect
2021-01-29 12:41:31.263  INFO 28604 --- [task-1] o.h.e.t.j.p.i.JtaPlatformInitiator       : HHH000490: Using JtaPlatform implementation: [org.hibernate.engine.transaction.jta.platform.internal.NoJtaPlatform]
2021-01-29 12:41:31.282  INFO 28604 --- [task-1] j.LocalContainerEntityManagerFactoryBean : Initialized JPA EntityManagerFactory for persistence unit 'default'
2021-01-29 12:41:31.818  INFO 28604 --- [main] o.s.b.a.e.w.EndpointLinksResolver        : Exposing 2 endpoint(s) beneath base path '/actuator'
2021-01-29 12:41:31.838  INFO 28604 --- [main] o.s.s.w.DefaultSecurityFilterChain       : Creating filter chain: any request, [org.springframework.security.web.context.request.async.WebAsyncManagerIntegrationFilter@307e4c44, org.springframework.security.web.context.SecurityContextPersistenceFilter@322ba549, org.springframework.security.web.header.HeaderWriterFilter@51b77cdf, org.springframework.web.filter.CorsFilter@2a8a3ada, org.springframework.security.web.authentication.logout.LogoutFilter@4bdf, com.techouts.ppe.muser.security.JwtAuthenticationFilter@43982337, org.springframework.security.web.savedrequest.RequestCacheAwareFilter@5416f8db, org.springframework.security.web.servletapi.SecurityContextHolderAwareRequestFilter@72976b4, org.springframework.security.web.authentication.AnonymousAuthenticationFilter@500051c5, org.springframework.security.web.session.SessionManagementFilter@a09303, org.springframework.security.web.access.ExceptionTranslationFilter@f3560d4, org.springframework.security.web.access.intercept.FilterSecurityInterceptor@7945b206]
2021-01-29 12:41:32.070  INFO 28604 --- [main] o.s.b.w.e.t.TomcatWebServer              : Tomcat started on port(s): 9099 (http) with context path ''
2021-01-29 12:41:32.070  INFO 28604 --- [main] DeferredRepositoryInitializationListener : Triggering deferred initialization of Spring Data repositories…
2021-01-29 12:41:32.352  INFO 28604 --- [main] DeferredRepositoryInitializationListener : Spring Data repositories initialized!
2021-01-29 12:41:32.361  INFO 28604 --- [main] c.t.p.m.UserManagementApplication        : Started UserManagementApplication in 11.612 seconds (JVM running for 12.121)
